[debug] [2024-08-10T18:26:58.490Z] ----------------------------------------------------------------------
[debug] [2024-08-10T18:26:58.495Z] Command:       C:\Program Files\nodejs\node.exe C:\Users\Haseeb Nazeer\AppData\Roaming\npm\node_modules\firebase-tools\lib\bin\firebase.js deploy
[debug] [2024-08-10T18:26:58.496Z] CLI Version:   13.15.0
[debug] [2024-08-10T18:26:58.496Z] Platform:      win32
[debug] [2024-08-10T18:26:58.496Z] Node Version:  v19.9.0
[debug] [2024-08-10T18:26:58.497Z] Time:          Sat Aug 10 2024 23:26:58 GMT+0500 (Pakistan Standard Time)
[debug] [2024-08-10T18:26:58.497Z] ----------------------------------------------------------------------
[debug] 
[debug] [2024-08-10T18:26:58.502Z] >>> [apiv2][query] GET https://firebase-public.firebaseio.com/cli.json [none]
[debug] [2024-08-10T18:26:58.697Z] > command requires scopes: ["email","openid","https://www.googleapis.com/auth/cloudplatformprojects.readonly","https://www.googleapis.com/auth/firebase","https://www.googleapis.com/auth/cloud-platform"]
[debug] [2024-08-10T18:26:58.698Z] > authorizing via signed-in user (imamoonakhter@gmail.com)
[debug] [2024-08-10T18:26:58.698Z] [iam] checking project react-app-d461c for permissions ["firebase.projects.get","firebasehosting.sites.update"]
[debug] [2024-08-10T18:26:58.700Z] > refreshing access token with scopes: []
[debug] [2024-08-10T18:26:58.701Z] >>> [apiv2][query] POST https://www.googleapis.com/oauth2/v3/token [none]
[debug] [2024-08-10T18:26:58.702Z] >>> [apiv2][body] POST https://www.googleapis.com/oauth2/v3/token [omitted]
[debug] [2024-08-10T18:27:00.351Z] <<< [apiv2][status] POST https://www.googleapis.com/oauth2/v3/token 200
[debug] [2024-08-10T18:27:00.352Z] <<< [apiv2][body] POST https://www.googleapis.com/oauth2/v3/token [omitted]
[debug] [2024-08-10T18:27:00.377Z] >>> [apiv2][query] POST https://cloudresourcemanager.googleapis.com/v1/projects/react-app-d461c:testIamPermissions [none]
[debug] [2024-08-10T18:27:00.377Z] >>> [apiv2][(partial)header] POST https://cloudresourcemanager.googleapis.com/v1/projects/react-app-d461c:testIamPermissions x-goog-quota-user=projects/react-app-d461c
[debug] [2024-08-10T18:27:00.378Z] >>> [apiv2][body] POST https://cloudresourcemanager.googleapis.com/v1/projects/react-app-d461c:testIamPermissions {"permissions":["firebase.projects.get","firebasehosting.sites.update"]}
[debug] [2024-08-10T18:27:00.508Z] <<< [apiv2][status] GET https://firebase-public.firebaseio.com/cli.json 200
[debug] [2024-08-10T18:27:00.509Z] <<< [apiv2][body] GET https://firebase-public.firebaseio.com/cli.json {"cloudBuildErrorAfter":1594252800000,"cloudBuildWarnAfter":1590019200000,"defaultNode10After":1594252800000,"minVersion":"3.0.5","node8DeploysDisabledAfter":1613390400000,"node8RuntimeDisabledAfter":1615809600000,"node8WarnAfter":1600128000000}
[debug] [2024-08-10T18:27:04.449Z] <<< [apiv2][status] POST https://cloudresourcemanager.googleapis.com/v1/projects/react-app-d461c:testIamPermissions 200
[debug] [2024-08-10T18:27:04.449Z] <<< [apiv2][body] POST https://cloudresourcemanager.googleapis.com/v1/projects/react-app-d461c:testIamPermissions {"permissions":["firebase.projects.get","firebasehosting.sites.update"]}
[debug] [2024-08-10T18:27:04.450Z] >>> [apiv2][query] GET https://firebase.googleapis.com/v1beta1/projects/react-app-d461c [none]
[debug] [2024-08-10T18:27:05.150Z] <<< [apiv2][status] GET https://firebase.googleapis.com/v1beta1/projects/react-app-d461c 200
[debug] [2024-08-10T18:27:05.150Z] <<< [apiv2][body] GET https://firebase.googleapis.com/v1beta1/projects/react-app-d461c {"projectId":"react-app-d461c","projectNumber":"218025925322","displayName":"React-App","name":"projects/react-app-d461c","resources":{"hostingSite":"react-app-d461c","realtimeDatabaseInstance":"react-app-d461c-default-rtdb"},"state":"ACTIVE","etag":"1_8045e4f8-338d-4ad9-be2c-0d242c6044cc"}
[info] 
[info] === Deploying to 'react-app-d461c'...
[info] 
[info] i  deploying hosting 
[debug] [2024-08-10T18:27:05.158Z] >>> [apiv2][query] POST https://firebasehosting.googleapis.com/v1beta1/projects/-/sites/react-app-d461c/versions [none]
[debug] [2024-08-10T18:27:05.158Z] >>> [apiv2][body] POST https://firebasehosting.googleapis.com/v1beta1/projects/-/sites/react-app-d461c/versions {"status":"CREATED","labels":{"deployment-tool":"cli-firebase"}}
[debug] [2024-08-10T18:27:07.609Z] <<< [apiv2][status] POST https://firebasehosting.googleapis.com/v1beta1/projects/-/sites/react-app-d461c/versions 200
[debug] [2024-08-10T18:27:07.609Z] <<< [apiv2][body] POST https://firebasehosting.googleapis.com/v1beta1/projects/-/sites/react-app-d461c/versions {"name":"projects/218025925322/sites/react-app-d461c/versions/7eda988d378222b5","status":"CREATED","config":{},"labels":{"deployment-tool":"cli-firebase"}}
[info] i  hosting[react-app-d461c]: beginning deploy... 
[info] i  hosting[react-app-d461c]: found 26 files in build 
[debug] [2024-08-10T18:27:07.630Z] [hosting] uploading with 200 concurrency
[debug] [2024-08-10T18:27:08.202Z] [hosting] hash cache [YnVpbGQ] stored for 26 files
[debug] [2024-08-10T18:27:08.203Z] [hosting][hash queue][FINAL] {"max":553,"min":3,"avg":61.61538461538463,"active":0,"complete":26,"success":26,"errored":0,"retried":0,"total":26,"elapsed":559}
[debug] [2024-08-10T18:27:08.203Z] >>> [apiv2][query] POST https://firebasehosting.googleapis.com/v1beta1/projects/218025925322/sites/react-app-d461c/versions/7eda988d378222b5:populateFiles [none]
[debug] [2024-08-10T18:27:08.203Z] >>> [apiv2][body] POST https://firebasehosting.googleapis.com/v1beta1/projects/218025925322/sites/react-app-d461c/versions/7eda988d378222b5:populateFiles {"files":{"/robots.txt":"bfe106a3fb878dc83461c86818bf74fc1bdc7f28538ba613cd3e775516ce8b49","/manifest.json":"aff3449bdc238776f5d6d967f19ec491b36aed5fb7f23ccff6500736fd58494a","/logo512.png":"ee7e2f3fdb8209c4b6fd7bef6ba50d1b9dba30a25bb5c3126df057e1cb6f5331","/logo192.png":"3ee59515172ee198f3be375979df15ac5345183e656720a381b8872b2a39dc8b","/favicon.ico":"eae62e993eb980ec8a25058c39d5a51feab118bd2100c4deebb2a9c158ec11f9","/index.html":"fc731faa0a125a9d506ff6a86fa87b5425412f328f5bd52351820a1e5d1aa189","/asset-manifest.json":"c600567dbbba17c32fb960249fcfe724c7ee2632f42356db6dd11bd136860d4e","/static/js/main.de81b977.js.LICENSE.txt":"c631606d0105be2a31b9ee648aaae06f308c57a3d20fdad3d704933aaaf2731d","/static/media/robot.41cd42d086b446fc12dd.jpg":"867ef440339f96c6876ddf7485e7b5353aa762a55f94d48678fedf56bbc9e7b8","/static/media/banner.8f918fdf8b229e726339.jpg":"c40afe47e08244c27d9be81b3ebce3d72e9a326655d37d45112c53eaf6f65751","/static/css/main.3f48976a.css":"520a5f8b22bf86fa04a78d469ba9ced7d6be65b07c543c4ea6ff188ade0d5371","/static/media/Science1.5764f023aef053f60145.jpg":"26820c8519f1955dd9b7ecaaca8f96a25d33bab6eb6ecf7dc89ea84ebdb34cb4","/static/media/worksheetbrowse.cabd54edee4e59f61774.jpg":"ed09146f942ad9afe2e1cbc2ed6997a2ea1515a6d29ef0766628f67dc0568375","/static/media/english2.644317cec06dd6e33951.jpg":"db20b145b2b63db4bc249835f384754fc271e99d10819fb4c65df68f4634eba0","/static/media/english1.644317cec06dd6e33951.jpg":"db20b145b2b63db4bc249835f384754fc271e99d10819fb4c65df68f4634eba0","/static/media/kidz.e3773a25f7ff14162828.jpg":"5cc6c75f4303673d3632bcdf83a4d4a4fa76aa4d0ae2ba793a90b111be4c69e6","/static/media/workbook.60b377cd09eeb62144be.jpg":"cb5981080fd222a79c613530950297668bafe2c288fa22655e24d4349bcd2dca","/static/media/englishWorksheets.b6450c8edafc44561c0f.jpg":"4bc37a36c19066286dab2dac8c86b76d2eda803587e9cf85e3e12d4ad4687217","/static/media/education.3739adca823483bd1d0d.jpg":"3fcd8a3ebf7b1d97906fda3c4ad8e73efde3093103f4f1f2e63cef856ff811d6","/static/media/scienceWorksheets.2527b97ed2498aaa46df.jpg":"3ef4bfa09cde35e0b34adc88dc871960fb2a68cec39dc430a661eaf0e7d5a69b","/static/media/Math.1acf3d4fb5f88604d14a.jpg":"94951875e6758181d21f618efddb93fe8944a7ec769a246588740f023f8b5e52","/static/media/Science.6e6d193c7399142f10ef.jpg":"82870916ca085e87b97b7c9c8c62c0eb10238dc99ddccf3b8f2afd46bde039fb","/static/css/main.3f48976a.css.map":"13c1924e5ab30250868bf1c0546f51b2ef9ae3ab6427c3b8c6a8dfa6c9e75eff","/static/media/educationtime.18ef92774670938a2922.jpg":"0e78233e982a8f3b7427e6b8fecf073aa113e6b64af2aa0631c9f6b39339bc43","/static/js/main.de81b977.js":"dff5d5ad163d4538d94b75dc2cc9e714be1cd4c4d0f1b14dd7c48db3b7344c9b","/static/js/main.de81b977.js.map":"12f57e8e6d49934f7d17ef81607bb2f1d173eb80fd490d6870bb5a2a7510bf50"}}
[debug] [2024-08-10T18:27:08.684Z] <<< [apiv2][status] POST https://firebasehosting.googleapis.com/v1beta1/projects/218025925322/sites/react-app-d461c/versions/7eda988d378222b5:populateFiles 200
[debug] [2024-08-10T18:27:08.684Z] <<< [apiv2][body] POST https://firebasehosting.googleapis.com/v1beta1/projects/218025925322/sites/react-app-d461c/versions/7eda988d378222b5:populateFiles {"uploadRequiredHashes":["12f57e8e6d49934f7d17ef81607bb2f1d173eb80fd490d6870bb5a2a7510bf50","13c1924e5ab30250868bf1c0546f51b2ef9ae3ab6427c3b8c6a8dfa6c9e75eff","c600567dbbba17c32fb960249fcfe724c7ee2632f42356db6dd11bd136860d4e","520a5f8b22bf86fa04a78d469ba9ced7d6be65b07c543c4ea6ff188ade0d5371","dff5d5ad163d4538d94b75dc2cc9e714be1cd4c4d0f1b14dd7c48db3b7344c9b","fc731faa0a125a9d506ff6a86fa87b5425412f328f5bd52351820a1e5d1aa189"],"uploadUrl":"https://upload-firebasehosting.googleapis.com/upload/sites/react-app-d461c/versions/7eda988d378222b5/files"}
[debug] [2024-08-10T18:27:08.686Z] >>> [apiv2][query] POST https://upload-firebasehosting.googleapis.com/upload/sites/react-app-d461c/versions/7eda988d378222b5/files/12f57e8e6d49934f7d17ef81607bb2f1d173eb80fd490d6870bb5a2a7510bf50 [none]
[debug] [2024-08-10T18:27:08.686Z] >>> [apiv2][body] POST https://upload-firebasehosting.googleapis.com/upload/sites/react-app-d461c/versions/7eda988d378222b5/files/12f57e8e6d49934f7d17ef81607bb2f1d173eb80fd490d6870bb5a2a7510bf50 [stream]
[debug] [2024-08-10T18:27:08.687Z] >>> [apiv2][query] POST https://upload-firebasehosting.googleapis.com/upload/sites/react-app-d461c/versions/7eda988d378222b5/files/13c1924e5ab30250868bf1c0546f51b2ef9ae3ab6427c3b8c6a8dfa6c9e75eff [none]
[debug] [2024-08-10T18:27:08.687Z] >>> [apiv2][body] POST https://upload-firebasehosting.googleapis.com/upload/sites/react-app-d461c/versions/7eda988d378222b5/files/13c1924e5ab30250868bf1c0546f51b2ef9ae3ab6427c3b8c6a8dfa6c9e75eff [stream]
[debug] [2024-08-10T18:27:08.688Z] >>> [apiv2][query] POST https://upload-firebasehosting.googleapis.com/upload/sites/react-app-d461c/versions/7eda988d378222b5/files/c600567dbbba17c32fb960249fcfe724c7ee2632f42356db6dd11bd136860d4e [none]
[debug] [2024-08-10T18:27:08.688Z] >>> [apiv2][body] POST https://upload-firebasehosting.googleapis.com/upload/sites/react-app-d461c/versions/7eda988d378222b5/files/c600567dbbba17c32fb960249fcfe724c7ee2632f42356db6dd11bd136860d4e [stream]
[debug] [2024-08-10T18:27:08.689Z] >>> [apiv2][query] POST https://upload-firebasehosting.googleapis.com/upload/sites/react-app-d461c/versions/7eda988d378222b5/files/520a5f8b22bf86fa04a78d469ba9ced7d6be65b07c543c4ea6ff188ade0d5371 [none]
[debug] [2024-08-10T18:27:08.689Z] >>> [apiv2][body] POST https://upload-firebasehosting.googleapis.com/upload/sites/react-app-d461c/versions/7eda988d378222b5/files/520a5f8b22bf86fa04a78d469ba9ced7d6be65b07c543c4ea6ff188ade0d5371 [stream]
[debug] [2024-08-10T18:27:08.690Z] >>> [apiv2][query] POST https://upload-firebasehosting.googleapis.com/upload/sites/react-app-d461c/versions/7eda988d378222b5/files/dff5d5ad163d4538d94b75dc2cc9e714be1cd4c4d0f1b14dd7c48db3b7344c9b [none]
[debug] [2024-08-10T18:27:08.690Z] >>> [apiv2][body] POST https://upload-firebasehosting.googleapis.com/upload/sites/react-app-d461c/versions/7eda988d378222b5/files/dff5d5ad163d4538d94b75dc2cc9e714be1cd4c4d0f1b14dd7c48db3b7344c9b [stream]
[debug] [2024-08-10T18:27:08.692Z] >>> [apiv2][query] POST https://upload-firebasehosting.googleapis.com/upload/sites/react-app-d461c/versions/7eda988d378222b5/files/fc731faa0a125a9d506ff6a86fa87b5425412f328f5bd52351820a1e5d1aa189 [none]
[debug] [2024-08-10T18:27:08.692Z] >>> [apiv2][body] POST https://upload-firebasehosting.googleapis.com/upload/sites/react-app-d461c/versions/7eda988d378222b5/files/fc731faa0a125a9d506ff6a86fa87b5425412f328f5bd52351820a1e5d1aa189 [stream]
[debug] [2024-08-10T18:27:08.693Z] [hosting][populate queue][FINAL] {"max":485,"min":485,"avg":485,"active":0,"complete":1,"success":1,"errored":0,"retried":0,"total":1,"elapsed":492}
[debug] [2024-08-10T18:27:08.693Z] [hosting] uploads queued: 6
[debug] [2024-08-10T18:27:10.860Z] <<< [apiv2][status] POST https://upload-firebasehosting.googleapis.com/upload/sites/react-app-d461c/versions/7eda988d378222b5/files/fc731faa0a125a9d506ff6a86fa87b5425412f328f5bd52351820a1e5d1aa189 200
[debug] [2024-08-10T18:27:10.861Z] <<< [apiv2][body] POST https://upload-firebasehosting.googleapis.com/upload/sites/react-app-d461c/versions/7eda988d378222b5/files/fc731faa0a125a9d506ff6a86fa87b5425412f328f5bd52351820a1e5d1aa189 [stream]
[debug] [2024-08-10T18:27:10.907Z] <<< [apiv2][status] POST https://upload-firebasehosting.googleapis.com/upload/sites/react-app-d461c/versions/7eda988d378222b5/files/520a5f8b22bf86fa04a78d469ba9ced7d6be65b07c543c4ea6ff188ade0d5371 200
[debug] [2024-08-10T18:27:10.907Z] <<< [apiv2][body] POST https://upload-firebasehosting.googleapis.com/upload/sites/react-app-d461c/versions/7eda988d378222b5/files/520a5f8b22bf86fa04a78d469ba9ced7d6be65b07c543c4ea6ff188ade0d5371 [stream]
[debug] [2024-08-10T18:27:10.915Z] <<< [apiv2][status] POST https://upload-firebasehosting.googleapis.com/upload/sites/react-app-d461c/versions/7eda988d378222b5/files/c600567dbbba17c32fb960249fcfe724c7ee2632f42356db6dd11bd136860d4e 200
[debug] [2024-08-10T18:27:10.915Z] <<< [apiv2][body] POST https://upload-firebasehosting.googleapis.com/upload/sites/react-app-d461c/versions/7eda988d378222b5/files/c600567dbbba17c32fb960249fcfe724c7ee2632f42356db6dd11bd136860d4e [stream]
[debug] [2024-08-10T18:27:11.324Z] <<< [apiv2][status] POST https://upload-firebasehosting.googleapis.com/upload/sites/react-app-d461c/versions/7eda988d378222b5/files/13c1924e5ab30250868bf1c0546f51b2ef9ae3ab6427c3b8c6a8dfa6c9e75eff 200
[debug] [2024-08-10T18:27:11.324Z] <<< [apiv2][body] POST https://upload-firebasehosting.googleapis.com/upload/sites/react-app-d461c/versions/7eda988d378222b5/files/13c1924e5ab30250868bf1c0546f51b2ef9ae3ab6427c3b8c6a8dfa6c9e75eff [stream]
[debug] [2024-08-10T18:27:12.274Z] <<< [apiv2][status] POST https://upload-firebasehosting.googleapis.com/upload/sites/react-app-d461c/versions/7eda988d378222b5/files/dff5d5ad163d4538d94b75dc2cc9e714be1cd4c4d0f1b14dd7c48db3b7344c9b 200
[debug] [2024-08-10T18:27:12.274Z] <<< [apiv2][body] POST https://upload-firebasehosting.googleapis.com/upload/sites/react-app-d461c/versions/7eda988d378222b5/files/dff5d5ad163d4538d94b75dc2cc9e714be1cd4c4d0f1b14dd7c48db3b7344c9b [stream]
